The system is: Darwin - 15.6.0 - x86_64
Compiling the C compiler identification source file "CMakeCCompilerId.c" succeeded.
Compiler: /Applications/Xcode.app/Contents/Developer/Toolchains/XcodeDefault.xctoolchain/usr/bin/cc 
Build flags: 
Id flags:  

The output was:
0


Compilation of the C compiler identification source "CMakeCCompilerId.c" produced "a.out"

The C compiler identification is AppleClang, found in "/Users/nicola/schrodinger/coordgen_standalone/build/CMakeFiles/3.8.1/CompilerIdC/a.out"

Compiling the CXX compiler identification source file "CMakeCXXCompilerId.cpp" succeeded.
Compiler: /Applications/Xcode.app/Contents/Developer/Toolchains/XcodeDefault.xctoolchain/usr/bin/c++ 
Build flags: 
Id flags:  

The output was:
0


Compilation of the CXX compiler identification source "CMakeCXXCompilerId.cpp" produced "a.out"

The CXX compiler identification is AppleClang, found in "/Users/nicola/schrodinger/coordgen_standalone/build/CMakeFiles/3.8.1/CompilerIdCXX/a.out"

Determining if the C compiler works passed with the following output:
Change Dir: /Users/nicola/schrodinger/coordgen_standalone/build/CMakeFiles/CMakeTmp

Run Build Command:"/usr/bin/make" "cmTC_c8dae/fast"
/Applications/Xcode.app/Contents/Developer/usr/bin/make -f CMakeFiles/cmTC_c8dae.dir/build.make CMakeFiles/cmTC_c8dae.dir/build
Building C object CMakeFiles/cmTC_c8dae.dir/testCCompiler.c.o
/Applications/Xcode.app/Contents/Developer/Toolchains/XcodeDefault.xctoolchain/usr/bin/cc    -o CMakeFiles/cmTC_c8dae.dir/testCCompiler.c.o   -c /Users/nicola/schrodinger/coordgen_standalone/build/CMakeFiles/CMakeTmp/testCCompiler.c
Linking C executable cmTC_c8dae
/Applications/CMake.app/Contents/bin/cmake -E cmake_link_script CMakeFiles/cmTC_c8dae.dir/link.txt --verbose=1
/Applications/Xcode.app/Contents/Developer/Toolchains/XcodeDefault.xctoolchain/usr/bin/cc   -Wl,-search_paths_first -Wl,-headerpad_max_install_names   CMakeFiles/cmTC_c8dae.dir/testCCompiler.c.o  -o cmTC_c8dae 


Detecting C compiler ABI info compiled with the following output:
Change Dir: /Users/nicola/schrodinger/coordgen_standalone/build/CMakeFiles/CMakeTmp

Run Build Command:"/usr/bin/make" "cmTC_4faa9/fast"
/Applications/Xcode.app/Contents/Developer/usr/bin/make -f CMakeFiles/cmTC_4faa9.dir/build.make CMakeFiles/cmTC_4faa9.dir/build
Building C object CMakeFiles/cmTC_4faa9.dir/CMakeCCompilerABI.c.o
/Applications/Xcode.app/Contents/Developer/Toolchains/XcodeDefault.xctoolchain/usr/bin/cc    -o CMakeFiles/cmTC_4faa9.dir/CMakeCCompilerABI.c.o   -c /Applications/CMake.app/Contents/share/cmake-3.8/Modules/CMakeCCompilerABI.c
Linking C executable cmTC_4faa9
/Applications/CMake.app/Contents/bin/cmake -E cmake_link_script CMakeFiles/cmTC_4faa9.dir/link.txt --verbose=1
/Applications/Xcode.app/Contents/Developer/Toolchains/XcodeDefault.xctoolchain/usr/bin/cc   -Wl,-search_paths_first -Wl,-headerpad_max_install_names  -v -Wl,-v CMakeFiles/cmTC_4faa9.dir/CMakeCCompilerABI.c.o  -o cmTC_4faa9 
Apple LLVM version 7.0.2 (clang-700.1.81)
Target: x86_64-apple-darwin15.6.0
Thread model: posix
 "/Applications/Xcode.app/Contents/Developer/Toolchains/XcodeDefault.xctoolchain/usr/bin/ld" -demangle -dynamic -arch x86_64 -macosx_version_min 10.11.0 -o cmTC_4faa9 -search_paths_first -headerpad_max_install_names -v CMakeFiles/cmTC_4faa9.dir/CMakeCCompilerABI.c.o -lSystem /Applications/Xcode.app/Contents/Developer/Toolchains/XcodeDefault.xctoolchain/usr/bin/../lib/clang/7.0.2/lib/darwin/libclang_rt.osx.a
@(#)PROGRAM:ld  PROJECT:ld64-253.9
configured to support archs: armv6 armv7 armv7s arm64 i386 x86_64 x86_64h armv6m armv7k armv7m armv7em (tvOS)
Library search paths:
	/usr/lib
	/usr/local/lib
Framework search paths:
	/Library/Frameworks/
	/System/Library/Frameworks/


Parsed C implicit link information from above output:
  link line regex: [^( *|.*[/\])(ld|([^/\]+-)?ld|collect2)[^/\]*( |$)]
  ignore line: [Change Dir: /Users/nicola/schrodinger/coordgen_standalone/build/CMakeFiles/CMakeTmp]
  ignore line: []
  ignore line: [Run Build Command:"/usr/bin/make" "cmTC_4faa9/fast"]
  ignore line: [/Applications/Xcode.app/Contents/Developer/usr/bin/make -f CMakeFiles/cmTC_4faa9.dir/build.make CMakeFiles/cmTC_4faa9.dir/build]
  ignore line: [Building C object CMakeFiles/cmTC_4faa9.dir/CMakeCCompilerABI.c.o]
  ignore line: [/Applications/Xcode.app/Contents/Developer/Toolchains/XcodeDefault.xctoolchain/usr/bin/cc    -o CMakeFiles/cmTC_4faa9.dir/CMakeCCompilerABI.c.o   -c /Applications/CMake.app/Contents/share/cmake-3.8/Modules/CMakeCCompilerABI.c]
  ignore line: [Linking C executable cmTC_4faa9]
  ignore line: [/Applications/CMake.app/Contents/bin/cmake -E cmake_link_script CMakeFiles/cmTC_4faa9.dir/link.txt --verbose=1]
  ignore line: [/Applications/Xcode.app/Contents/Developer/Toolchains/XcodeDefault.xctoolchain/usr/bin/cc   -Wl,-search_paths_first -Wl,-headerpad_max_install_names  -v -Wl,-v CMakeFiles/cmTC_4faa9.dir/CMakeCCompilerABI.c.o  -o cmTC_4faa9 ]
  ignore line: [Apple LLVM version 7.0.2 (clang-700.1.81)]
  ignore line: [Target: x86_64-apple-darwin15.6.0]
  ignore line: [Thread model: posix]
  link line: [ "/Applications/Xcode.app/Contents/Developer/Toolchains/XcodeDefault.xctoolchain/usr/bin/ld" -demangle -dynamic -arch x86_64 -macosx_version_min 10.11.0 -o cmTC_4faa9 -search_paths_first -headerpad_max_install_names -v CMakeFiles/cmTC_4faa9.dir/CMakeCCompilerABI.c.o -lSystem /Applications/Xcode.app/Contents/Developer/Toolchains/XcodeDefault.xctoolchain/usr/bin/../lib/clang/7.0.2/lib/darwin/libclang_rt.osx.a]
    arg [/Applications/Xcode.app/Contents/Developer/Toolchains/XcodeDefault.xctoolchain/usr/bin/ld] ==> ignore
    arg [-demangle] ==> ignore
    arg [-dynamic] ==> ignore
    arg [-arch] ==> ignore
    arg [x86_64] ==> ignore
    arg [-macosx_version_min] ==> ignore
    arg [10.11.0] ==> ignore
    arg [-o] ==> ignore
    arg [cmTC_4faa9] ==> ignore
    arg [-search_paths_first] ==> ignore
    arg [-headerpad_max_install_names] ==> ignore
    arg [-v] ==> ignore
    arg [CMakeFiles/cmTC_4faa9.dir/CMakeCCompilerABI.c.o] ==> ignore
    arg [-lSystem] ==> lib [System]
    arg [/Applications/Xcode.app/Contents/Developer/Toolchains/XcodeDefault.xctoolchain/usr/bin/../lib/clang/7.0.2/lib/darwin/libclang_rt.osx.a] ==> lib [/Applications/Xcode.app/Contents/Developer/Toolchains/XcodeDefault.xctoolchain/usr/bin/../lib/clang/7.0.2/lib/darwin/libclang_rt.osx.a]
  Library search paths: [;/usr/lib;/usr/local/lib]
  Framework search paths: [;/Library/Frameworks/;/System/Library/Frameworks/]
  remove lib [System]
  remove lib [/Applications/Xcode.app/Contents/Developer/Toolchains/XcodeDefault.xctoolchain/usr/bin/../lib/clang/7.0.2/lib/darwin/libclang_rt.osx.a]
  collapse library dir [/usr/lib] ==> [/usr/lib]
  collapse library dir [/usr/local/lib] ==> [/usr/local/lib]
  collapse framework dir [/Library/Frameworks/] ==> [/Library/Frameworks]
  collapse framework dir [/System/Library/Frameworks/] ==> [/System/Library/Frameworks]
  implicit libs: []
  implicit dirs: [/usr/lib;/usr/local/lib]
  implicit fwks: [/Library/Frameworks;/System/Library/Frameworks]




Detecting C [-std=c11] compiler features compiled with the following output:
Change Dir: /Users/nicola/schrodinger/coordgen_standalone/build/CMakeFiles/CMakeTmp

Run Build Command:"/usr/bin/make" "cmTC_0deda/fast"
/Applications/Xcode.app/Contents/Developer/usr/bin/make -f CMakeFiles/cmTC_0deda.dir/build.make CMakeFiles/cmTC_0deda.dir/build
Building C object CMakeFiles/cmTC_0deda.dir/feature_tests.c.o
/Applications/Xcode.app/Contents/Developer/Toolchains/XcodeDefault.xctoolchain/usr/bin/cc   -std=c11 -o CMakeFiles/cmTC_0deda.dir/feature_tests.c.o   -c /Users/nicola/schrodinger/coordgen_standalone/build/CMakeFiles/feature_tests.c
Linking C executable cmTC_0deda
/Applications/CMake.app/Contents/bin/cmake -E cmake_link_script CMakeFiles/cmTC_0deda.dir/link.txt --verbose=1
/Applications/Xcode.app/Contents/Developer/Toolchains/XcodeDefault.xctoolchain/usr/bin/cc   -Wl,-search_paths_first -Wl,-headerpad_max_install_names   CMakeFiles/cmTC_0deda.dir/feature_tests.c.o  -o cmTC_0deda 


    Feature record: C_FEATURE:1c_function_prototypes
    Feature record: C_FEATURE:1c_restrict
    Feature record: C_FEATURE:1c_static_assert
    Feature record: C_FEATURE:1c_variadic_macros


Detecting C [-std=c99] compiler features compiled with the following output:
Change Dir: /Users/nicola/schrodinger/coordgen_standalone/build/CMakeFiles/CMakeTmp

Run Build Command:"/usr/bin/make" "cmTC_55467/fast"
/Applications/Xcode.app/Contents/Developer/usr/bin/make -f CMakeFiles/cmTC_55467.dir/build.make CMakeFiles/cmTC_55467.dir/build
Building C object CMakeFiles/cmTC_55467.dir/feature_tests.c.o
/Applications/Xcode.app/Contents/Developer/Toolchains/XcodeDefault.xctoolchain/usr/bin/cc   -std=c99 -o CMakeFiles/cmTC_55467.dir/feature_tests.c.o   -c /Users/nicola/schrodinger/coordgen_standalone/build/CMakeFiles/feature_tests.c
Linking C executable cmTC_55467
/Applications/CMake.app/Contents/bin/cmake -E cmake_link_script CMakeFiles/cmTC_55467.dir/link.txt --verbose=1
/Applications/Xcode.app/Contents/Developer/Toolchains/XcodeDefault.xctoolchain/usr/bin/cc   -Wl,-search_paths_first -Wl,-headerpad_max_install_names   CMakeFiles/cmTC_55467.dir/feature_tests.c.o  -o cmTC_55467 


    Feature record: C_FEATURE:1c_function_prototypes
    Feature record: C_FEATURE:1c_restrict
    Feature record: C_FEATURE:0c_static_assert
    Feature record: C_FEATURE:1c_variadic_macros


Detecting C [-std=c90] compiler features compiled with the following output:
Change Dir: /Users/nicola/schrodinger/coordgen_standalone/build/CMakeFiles/CMakeTmp

Run Build Command:"/usr/bin/make" "cmTC_5c0e0/fast"
/Applications/Xcode.app/Contents/Developer/usr/bin/make -f CMakeFiles/cmTC_5c0e0.dir/build.make CMakeFiles/cmTC_5c0e0.dir/build
Building C object CMakeFiles/cmTC_5c0e0.dir/feature_tests.c.o
/Applications/Xcode.app/Contents/Developer/Toolchains/XcodeDefault.xctoolchain/usr/bin/cc   -std=c90 -o CMakeFiles/cmTC_5c0e0.dir/feature_tests.c.o   -c /Users/nicola/schrodinger/coordgen_standalone/build/CMakeFiles/feature_tests.c
Linking C executable cmTC_5c0e0
/Applications/CMake.app/Contents/bin/cmake -E cmake_link_script CMakeFiles/cmTC_5c0e0.dir/link.txt --verbose=1
/Applications/Xcode.app/Contents/Developer/Toolchains/XcodeDefault.xctoolchain/usr/bin/cc   -Wl,-search_paths_first -Wl,-headerpad_max_install_names   CMakeFiles/cmTC_5c0e0.dir/feature_tests.c.o  -o cmTC_5c0e0 


    Feature record: C_FEATURE:1c_function_prototypes
    Feature record: C_FEATURE:0c_restrict
    Feature record: C_FEATURE:0c_static_assert
    Feature record: C_FEATURE:0c_variadic_macros
Determining if the CXX compiler works passed with the following output:
Change Dir: /Users/nicola/schrodinger/coordgen_standalone/build/CMakeFiles/CMakeTmp

Run Build Command:"/usr/bin/make" "cmTC_0a011/fast"
/Applications/Xcode.app/Contents/Developer/usr/bin/make -f CMakeFiles/cmTC_0a011.dir/build.make CMakeFiles/cmTC_0a011.dir/build
Building CXX object CMakeFiles/cmTC_0a011.dir/testCXXCompiler.cxx.o
/Applications/Xcode.app/Contents/Developer/Toolchains/XcodeDefault.xctoolchain/usr/bin/c++     -o CMakeFiles/cmTC_0a011.dir/testCXXCompiler.cxx.o -c /Users/nicola/schrodinger/coordgen_standalone/build/CMakeFiles/CMakeTmp/testCXXCompiler.cxx
Linking CXX executable cmTC_0a011
/Applications/CMake.app/Contents/bin/cmake -E cmake_link_script CMakeFiles/cmTC_0a011.dir/link.txt --verbose=1
/Applications/Xcode.app/Contents/Developer/Toolchains/XcodeDefault.xctoolchain/usr/bin/c++    -Wl,-search_paths_first -Wl,-headerpad_max_install_names   CMakeFiles/cmTC_0a011.dir/testCXXCompiler.cxx.o  -o cmTC_0a011 


Detecting CXX compiler ABI info compiled with the following output:
Change Dir: /Users/nicola/schrodinger/coordgen_standalone/build/CMakeFiles/CMakeTmp

Run Build Command:"/usr/bin/make" "cmTC_f9eda/fast"
/Applications/Xcode.app/Contents/Developer/usr/bin/make -f CMakeFiles/cmTC_f9eda.dir/build.make CMakeFiles/cmTC_f9eda.dir/build
Building CXX object CMakeFiles/cmTC_f9eda.dir/CMakeCXXCompilerABI.cpp.o
/Applications/Xcode.app/Contents/Developer/Toolchains/XcodeDefault.xctoolchain/usr/bin/c++     -o CMakeFiles/cmTC_f9eda.dir/CMakeCXXCompilerABI.cpp.o -c /Applications/CMake.app/Contents/share/cmake-3.8/Modules/CMakeCXXCompilerABI.cpp
Linking CXX executable cmTC_f9eda
/Applications/CMake.app/Contents/bin/cmake -E cmake_link_script CMakeFiles/cmTC_f9eda.dir/link.txt --verbose=1
/Applications/Xcode.app/Contents/Developer/Toolchains/XcodeDefault.xctoolchain/usr/bin/c++    -Wl,-search_paths_first -Wl,-headerpad_max_install_names  -v -Wl,-v CMakeFiles/cmTC_f9eda.dir/CMakeCXXCompilerABI.cpp.o  -o cmTC_f9eda 
Apple LLVM version 7.0.2 (clang-700.1.81)
Target: x86_64-apple-darwin15.6.0
Thread model: posix
 "/Applications/Xcode.app/Contents/Developer/Toolchains/XcodeDefault.xctoolchain/usr/bin/ld" -demangle -dynamic -arch x86_64 -macosx_version_min 10.11.0 -o cmTC_f9eda -search_paths_first -headerpad_max_install_names -v CMakeFiles/cmTC_f9eda.dir/CMakeCXXCompilerABI.cpp.o -lc++ -lSystem /Applications/Xcode.app/Contents/Developer/Toolchains/XcodeDefault.xctoolchain/usr/bin/../lib/clang/7.0.2/lib/darwin/libclang_rt.osx.a
@(#)PROGRAM:ld  PROJECT:ld64-253.9
configured to support archs: armv6 armv7 armv7s arm64 i386 x86_64 x86_64h armv6m armv7k armv7m armv7em (tvOS)
Library search paths:
	/usr/lib
	/usr/local/lib
Framework search paths:
	/Library/Frameworks/
	/System/Library/Frameworks/


Parsed CXX implicit link information from above output:
  link line regex: [^( *|.*[/\])(ld|([^/\]+-)?ld|collect2)[^/\]*( |$)]
  ignore line: [Change Dir: /Users/nicola/schrodinger/coordgen_standalone/build/CMakeFiles/CMakeTmp]
  ignore line: []
  ignore line: [Run Build Command:"/usr/bin/make" "cmTC_f9eda/fast"]
  ignore line: [/Applications/Xcode.app/Contents/Developer/usr/bin/make -f CMakeFiles/cmTC_f9eda.dir/build.make CMakeFiles/cmTC_f9eda.dir/build]
  ignore line: [Building CXX object CMakeFiles/cmTC_f9eda.dir/CMakeCXXCompilerABI.cpp.o]
  ignore line: [/Applications/Xcode.app/Contents/Developer/Toolchains/XcodeDefault.xctoolchain/usr/bin/c++     -o CMakeFiles/cmTC_f9eda.dir/CMakeCXXCompilerABI.cpp.o -c /Applications/CMake.app/Contents/share/cmake-3.8/Modules/CMakeCXXCompilerABI.cpp]
  ignore line: [Linking CXX executable cmTC_f9eda]
  ignore line: [/Applications/CMake.app/Contents/bin/cmake -E cmake_link_script CMakeFiles/cmTC_f9eda.dir/link.txt --verbose=1]
  ignore line: [/Applications/Xcode.app/Contents/Developer/Toolchains/XcodeDefault.xctoolchain/usr/bin/c++    -Wl,-search_paths_first -Wl,-headerpad_max_install_names  -v -Wl,-v CMakeFiles/cmTC_f9eda.dir/CMakeCXXCompilerABI.cpp.o  -o cmTC_f9eda ]
  ignore line: [Apple LLVM version 7.0.2 (clang-700.1.81)]
  ignore line: [Target: x86_64-apple-darwin15.6.0]
  ignore line: [Thread model: posix]
  link line: [ "/Applications/Xcode.app/Contents/Developer/Toolchains/XcodeDefault.xctoolchain/usr/bin/ld" -demangle -dynamic -arch x86_64 -macosx_version_min 10.11.0 -o cmTC_f9eda -search_paths_first -headerpad_max_install_names -v CMakeFiles/cmTC_f9eda.dir/CMakeCXXCompilerABI.cpp.o -lc++ -lSystem /Applications/Xcode.app/Contents/Developer/Toolchains/XcodeDefault.xctoolchain/usr/bin/../lib/clang/7.0.2/lib/darwin/libclang_rt.osx.a]
    arg [/Applications/Xcode.app/Contents/Developer/Toolchains/XcodeDefault.xctoolchain/usr/bin/ld] ==> ignore
    arg [-demangle] ==> ignore
    arg [-dynamic] ==> ignore
    arg [-arch] ==> ignore
    arg [x86_64] ==> ignore
    arg [-macosx_version_min] ==> ignore
    arg [10.11.0] ==> ignore
    arg [-o] ==> ignore
    arg [cmTC_f9eda] ==> ignore
    arg [-search_paths_first] ==> ignore
    arg [-headerpad_max_install_names] ==> ignore
    arg [-v] ==> ignore
    arg [CMakeFiles/cmTC_f9eda.dir/CMakeCXXCompilerABI.cpp.o] ==> ignore
    arg [-lc++] ==> lib [c++]
    arg [-lSystem] ==> lib [System]
    arg [/Applications/Xcode.app/Contents/Developer/Toolchains/XcodeDefault.xctoolchain/usr/bin/../lib/clang/7.0.2/lib/darwin/libclang_rt.osx.a] ==> lib [/Applications/Xcode.app/Contents/Developer/Toolchains/XcodeDefault.xctoolchain/usr/bin/../lib/clang/7.0.2/lib/darwin/libclang_rt.osx.a]
  Library search paths: [;/usr/lib;/usr/local/lib]
  Framework search paths: [;/Library/Frameworks/;/System/Library/Frameworks/]
  remove lib [System]
  remove lib [/Applications/Xcode.app/Contents/Developer/Toolchains/XcodeDefault.xctoolchain/usr/bin/../lib/clang/7.0.2/lib/darwin/libclang_rt.osx.a]
  collapse library dir [/usr/lib] ==> [/usr/lib]
  collapse library dir [/usr/local/lib] ==> [/usr/local/lib]
  collapse framework dir [/Library/Frameworks/] ==> [/Library/Frameworks]
  collapse framework dir [/System/Library/Frameworks/] ==> [/System/Library/Frameworks]
  implicit libs: [c++]
  implicit dirs: [/usr/lib;/usr/local/lib]
  implicit fwks: [/Library/Frameworks;/System/Library/Frameworks]




Detecting CXX [-std=c++1z] compiler features compiled with the following output:
Change Dir: /Users/nicola/schrodinger/coordgen_standalone/build/CMakeFiles/CMakeTmp

Run Build Command:"/usr/bin/make" "cmTC_69260/fast"
/Applications/Xcode.app/Contents/Developer/usr/bin/make -f CMakeFiles/cmTC_69260.dir/build.make CMakeFiles/cmTC_69260.dir/build
Building CXX object CMakeFiles/cmTC_69260.dir/feature_tests.cxx.o
/Applications/Xcode.app/Contents/Developer/Toolchains/XcodeDefault.xctoolchain/usr/bin/c++    -std=c++1z -o CMakeFiles/cmTC_69260.dir/feature_tests.cxx.o -c /Users/nicola/schrodinger/coordgen_standalone/build/CMakeFiles/feature_tests.cxx
Linking CXX executable cmTC_69260
/Applications/CMake.app/Contents/bin/cmake -E cmake_link_script CMakeFiles/cmTC_69260.dir/link.txt --verbose=1
/Applications/Xcode.app/Contents/Developer/Toolchains/XcodeDefault.xctoolchain/usr/bin/c++    -Wl,-search_paths_first -Wl,-headerpad_max_install_names   CMakeFiles/cmTC_69260.dir/feature_tests.cxx.o  -o cmTC_69260 


    Feature record: CXX_FEATURE:1cxx_aggregate_default_initializers
    Feature record: CXX_FEATURE:1cxx_alias_templates
    Feature record: CXX_FEATURE:1cxx_alignas
    Feature record: CXX_FEATURE:1cxx_alignof
    Feature record: CXX_FEATURE:1cxx_attributes
    Feature record: CXX_FEATURE:1cxx_attribute_deprecated
    Feature record: CXX_FEATURE:1cxx_auto_type
    Feature record: CXX_FEATURE:1cxx_binary_literals
    Feature record: CXX_FEATURE:1cxx_constexpr
    Feature record: CXX_FEATURE:1cxx_contextual_conversions
    Feature record: CXX_FEATURE:1cxx_decltype
    Feature record: CXX_FEATURE:1cxx_decltype_auto
    Feature record: CXX_FEATURE:1cxx_decltype_incomplete_return_types
    Feature record: CXX_FEATURE:1cxx_default_function_template_args
    Feature record: CXX_FEATURE:1cxx_defaulted_functions
    Feature record: CXX_FEATURE:1cxx_defaulted_move_initializers
    Feature record: CXX_FEATURE:1cxx_delegating_constructors
    Feature record: CXX_FEATURE:1cxx_deleted_functions
    Feature record: CXX_FEATURE:1cxx_digit_separators
    Feature record: CXX_FEATURE:1cxx_enum_forward_declarations
    Feature record: CXX_FEATURE:1cxx_explicit_conversions
    Feature record: CXX_FEATURE:1cxx_extended_friend_declarations
    Feature record: CXX_FEATURE:1cxx_extern_templates
    Feature record: CXX_FEATURE:1cxx_final
    Feature record: CXX_FEATURE:1cxx_func_identifier
    Feature record: CXX_FEATURE:1cxx_generalized_initializers
    Feature record: CXX_FEATURE:1cxx_generic_lambdas
    Feature record: CXX_FEATURE:1cxx_inheriting_constructors
    Feature record: CXX_FEATURE:1cxx_inline_namespaces
    Feature record: CXX_FEATURE:1cxx_lambdas
    Feature record: CXX_FEATURE:1cxx_lambda_init_captures
    Feature record: CXX_FEATURE:1cxx_local_type_template_args
    Feature record: CXX_FEATURE:1cxx_long_long_type
    Feature record: CXX_FEATURE:1cxx_noexcept
    Feature record: CXX_FEATURE:1cxx_nonstatic_member_init
    Feature record: CXX_FEATURE:1cxx_nullptr
    Feature record: CXX_FEATURE:1cxx_override
    Feature record: CXX_FEATURE:1cxx_range_for
    Feature record: CXX_FEATURE:1cxx_raw_string_literals
    Feature record: CXX_FEATURE:1cxx_reference_qualified_functions
    Feature record: CXX_FEATURE:1cxx_relaxed_constexpr
    Feature record: CXX_FEATURE:1cxx_return_type_deduction
    Feature record: CXX_FEATURE:1cxx_right_angle_brackets
    Feature record: CXX_FEATURE:1cxx_rvalue_references
    Feature record: CXX_FEATURE:1cxx_sizeof_member
    Feature record: CXX_FEATURE:1cxx_static_assert
    Feature record: CXX_FEATURE:1cxx_strong_enums
    Feature record: CXX_FEATURE:1cxx_template_template_parameters
    Feature record: CXX_FEATURE:0cxx_thread_local
    Feature record: CXX_FEATURE:1cxx_trailing_return_types
    Feature record: CXX_FEATURE:1cxx_unicode_literals
    Feature record: CXX_FEATURE:1cxx_uniform_initialization
    Feature record: CXX_FEATURE:1cxx_unrestricted_unions
    Feature record: CXX_FEATURE:1cxx_user_literals
    Feature record: CXX_FEATURE:1cxx_variable_templates
    Feature record: CXX_FEATURE:1cxx_variadic_macros
    Feature record: CXX_FEATURE:1cxx_variadic_templates


Detecting CXX [-std=c++14] compiler features compiled with the following output:
Change Dir: /Users/nicola/schrodinger/coordgen_standalone/build/CMakeFiles/CMakeTmp

Run Build Command:"/usr/bin/make" "cmTC_5757f/fast"
/Applications/Xcode.app/Contents/Developer/usr/bin/make -f CMakeFiles/cmTC_5757f.dir/build.make CMakeFiles/cmTC_5757f.dir/build
Building CXX object CMakeFiles/cmTC_5757f.dir/feature_tests.cxx.o
/Applications/Xcode.app/Contents/Developer/Toolchains/XcodeDefault.xctoolchain/usr/bin/c++    -std=c++14 -o CMakeFiles/cmTC_5757f.dir/feature_tests.cxx.o -c /Users/nicola/schrodinger/coordgen_standalone/build/CMakeFiles/feature_tests.cxx
Linking CXX executable cmTC_5757f
/Applications/CMake.app/Contents/bin/cmake -E cmake_link_script CMakeFiles/cmTC_5757f.dir/link.txt --verbose=1
/Applications/Xcode.app/Contents/Developer/Toolchains/XcodeDefault.xctoolchain/usr/bin/c++    -Wl,-search_paths_first -Wl,-headerpad_max_install_names   CMakeFiles/cmTC_5757f.dir/feature_tests.cxx.o  -o cmTC_5757f 


    Feature record: CXX_FEATURE:1cxx_aggregate_default_initializers
    Feature record: CXX_FEATURE:1cxx_alias_templates
    Feature record: CXX_FEATURE:1cxx_alignas
    Feature record: CXX_FEATURE:1cxx_alignof
    Feature record: CXX_FEATURE:1cxx_attributes
    Feature record: CXX_FEATURE:1cxx_attribute_deprecated
    Feature record: CXX_FEATURE:1cxx_auto_type
    Feature record: CXX_FEATURE:1cxx_binary_literals
    Feature record: CXX_FEATURE:1cxx_constexpr
    Feature record: CXX_FEATURE:1cxx_contextual_conversions
    Feature record: CXX_FEATURE:1cxx_decltype
    Feature record: CXX_FEATURE:1cxx_decltype_auto
    Feature record: CXX_FEATURE:1cxx_decltype_incomplete_return_types
    Feature record: CXX_FEATURE:1cxx_default_function_template_args
    Feature record: CXX_FEATURE:1cxx_defaulted_functions
    Feature record: CXX_FEATURE:1cxx_defaulted_move_initializers
    Feature record: CXX_FEATURE:1cxx_delegating_constructors
    Feature record: CXX_FEATURE:1cxx_deleted_functions
    Feature record: CXX_FEATURE:1cxx_digit_separators
    Feature record: CXX_FEATURE:1cxx_enum_forward_declarations
    Feature record: CXX_FEATURE:1cxx_explicit_conversions
    Feature record: CXX_FEATURE:1cxx_extended_friend_declarations
    Feature record: CXX_FEATURE:1cxx_extern_templates
    Feature record: CXX_FEATURE:1cxx_final
    Feature record: CXX_FEATURE:1cxx_func_identifier
    Feature record: CXX_FEATURE:1cxx_generalized_initializers
    Feature record: CXX_FEATURE:1cxx_generic_lambdas
    Feature record: CXX_FEATURE:1cxx_inheriting_constructors
    Feature record: CXX_FEATURE:1cxx_inline_namespaces
    Feature record: CXX_FEATURE:1cxx_lambdas
    Feature record: CXX_FEATURE:1cxx_lambda_init_captures
    Feature record: CXX_FEATURE:1cxx_local_type_template_args
    Feature record: CXX_FEATURE:1cxx_long_long_type
    Feature record: CXX_FEATURE:1cxx_noexcept
    Feature record: CXX_FEATURE:1cxx_nonstatic_member_init
    Feature record: CXX_FEATURE:1cxx_nullptr
    Feature record: CXX_FEATURE:1cxx_override
    Feature record: CXX_FEATURE:1cxx_range_for
    Feature record: CXX_FEATURE:1cxx_raw_string_literals
    Feature record: CXX_FEATURE:1cxx_reference_qualified_functions
    Feature record: CXX_FEATURE:1cxx_relaxed_constexpr
    Feature record: CXX_FEATURE:1cxx_return_type_deduction
    Feature record: CXX_FEATURE:1cxx_right_angle_brackets
    Feature record: CXX_FEATURE:1cxx_rvalue_references
    Feature record: CXX_FEATURE:1cxx_sizeof_member
    Feature record: CXX_FEATURE:1cxx_static_assert
    Feature record: CXX_FEATURE:1cxx_strong_enums
    Feature record: CXX_FEATURE:1cxx_template_template_parameters
    Feature record: CXX_FEATURE:0cxx_thread_local
    Feature record: CXX_FEATURE:1cxx_trailing_return_types
    Feature record: CXX_FEATURE:1cxx_unicode_literals
    Feature record: CXX_FEATURE:1cxx_uniform_initialization
    Feature record: CXX_FEATURE:1cxx_unrestricted_unions
    Feature record: CXX_FEATURE:1cxx_user_literals
    Feature record: CXX_FEATURE:1cxx_variable_templates
    Feature record: CXX_FEATURE:1cxx_variadic_macros
    Feature record: CXX_FEATURE:1cxx_variadic_templates


Detecting CXX [-std=c++11] compiler features compiled with the following output:
Change Dir: /Users/nicola/schrodinger/coordgen_standalone/build/CMakeFiles/CMakeTmp

Run Build Command:"/usr/bin/make" "cmTC_200be/fast"
/Applications/Xcode.app/Contents/Developer/usr/bin/make -f CMakeFiles/cmTC_200be.dir/build.make CMakeFiles/cmTC_200be.dir/build
Building CXX object CMakeFiles/cmTC_200be.dir/feature_tests.cxx.o
/Applications/Xcode.app/Contents/Developer/Toolchains/XcodeDefault.xctoolchain/usr/bin/c++    -std=c++11 -o CMakeFiles/cmTC_200be.dir/feature_tests.cxx.o -c /Users/nicola/schrodinger/coordgen_standalone/build/CMakeFiles/feature_tests.cxx
Linking CXX executable cmTC_200be
/Applications/CMake.app/Contents/bin/cmake -E cmake_link_script CMakeFiles/cmTC_200be.dir/link.txt --verbose=1
/Applications/Xcode.app/Contents/Developer/Toolchains/XcodeDefault.xctoolchain/usr/bin/c++    -Wl,-search_paths_first -Wl,-headerpad_max_install_names   CMakeFiles/cmTC_200be.dir/feature_tests.cxx.o  -o cmTC_200be 


    Feature record: CXX_FEATURE:0cxx_aggregate_default_initializers
    Feature record: CXX_FEATURE:1cxx_alias_templates
    Feature record: CXX_FEATURE:1cxx_alignas
    Feature record: CXX_FEATURE:1cxx_alignof
    Feature record: CXX_FEATURE:1cxx_attributes
    Feature record: CXX_FEATURE:0cxx_attribute_deprecated
    Feature record: CXX_FEATURE:1cxx_auto_type
    Feature record: CXX_FEATURE:0cxx_binary_literals
    Feature record: CXX_FEATURE:1cxx_constexpr
    Feature record: CXX_FEATURE:0cxx_contextual_conversions
    Feature record: CXX_FEATURE:1cxx_decltype
    Feature record: CXX_FEATURE:0cxx_decltype_auto
    Feature record: CXX_FEATURE:1cxx_decltype_incomplete_return_types
    Feature record: CXX_FEATURE:1cxx_default_function_template_args
    Feature record: CXX_FEATURE:1cxx_defaulted_functions
    Feature record: CXX_FEATURE:1cxx_defaulted_move_initializers
    Feature record: CXX_FEATURE:1cxx_delegating_constructors
    Feature record: CXX_FEATURE:1cxx_deleted_functions
    Feature record: CXX_FEATURE:0cxx_digit_separators
    Feature record: CXX_FEATURE:1cxx_enum_forward_declarations
    Feature record: CXX_FEATURE:1cxx_explicit_conversions
    Feature record: CXX_FEATURE:1cxx_extended_friend_declarations
    Feature record: CXX_FEATURE:1cxx_extern_templates
    Feature record: CXX_FEATURE:1cxx_final
    Feature record: CXX_FEATURE:1cxx_func_identifier
    Feature record: CXX_FEATURE:1cxx_generalized_initializers
    Feature record: CXX_FEATURE:0cxx_generic_lambdas
    Feature record: CXX_FEATURE:1cxx_inheriting_constructors
    Feature record: CXX_FEATURE:1cxx_inline_namespaces
    Feature record: CXX_FEATURE:1cxx_lambdas
    Feature record: CXX_FEATURE:0cxx_lambda_init_captures
    Feature record: CXX_FEATURE:1cxx_local_type_template_args
    Feature record: CXX_FEATURE:1cxx_long_long_type
    Feature record: CXX_FEATURE:1cxx_noexcept
    Feature record: CXX_FEATURE:1cxx_nonstatic_member_init
    Feature record: CXX_FEATURE:1cxx_nullptr
    Feature record: CXX_FEATURE:1cxx_override
    Feature record: CXX_FEATURE:1cxx_range_for
    Feature record: CXX_FEATURE:1cxx_raw_string_literals
    Feature record: CXX_FEATURE:1cxx_reference_qualified_functions
    Feature record: CXX_FEATURE:0cxx_relaxed_constexpr
    Feature record: CXX_FEATURE:0cxx_return_type_deduction
    Feature record: CXX_FEATURE:1cxx_right_angle_brackets
    Feature record: CXX_FEATURE:1cxx_rvalue_references
    Feature record: CXX_FEATURE:1cxx_sizeof_member
    Feature record: CXX_FEATURE:1cxx_static_assert
    Feature record: CXX_FEATURE:1cxx_strong_enums
    Feature record: CXX_FEATURE:1cxx_template_template_parameters
    Feature record: CXX_FEATURE:0cxx_thread_local
    Feature record: CXX_FEATURE:1cxx_trailing_return_types
    Feature record: CXX_FEATURE:1cxx_unicode_literals
    Feature record: CXX_FEATURE:1cxx_uniform_initialization
    Feature record: CXX_FEATURE:1cxx_unrestricted_unions
    Feature record: CXX_FEATURE:1cxx_user_literals
    Feature record: CXX_FEATURE:0cxx_variable_templates
    Feature record: CXX_FEATURE:1cxx_variadic_macros
    Feature record: CXX_FEATURE:1cxx_variadic_templates


Detecting CXX [-std=c++98] compiler features compiled with the following output:
Change Dir: /Users/nicola/schrodinger/coordgen_standalone/build/CMakeFiles/CMakeTmp

Run Build Command:"/usr/bin/make" "cmTC_6d105/fast"
/Applications/Xcode.app/Contents/Developer/usr/bin/make -f CMakeFiles/cmTC_6d105.dir/build.make CMakeFiles/cmTC_6d105.dir/build
Building CXX object CMakeFiles/cmTC_6d105.dir/feature_tests.cxx.o
/Applications/Xcode.app/Contents/Developer/Toolchains/XcodeDefault.xctoolchain/usr/bin/c++    -std=c++98 -o CMakeFiles/cmTC_6d105.dir/feature_tests.cxx.o -c /Users/nicola/schrodinger/coordgen_standalone/build/CMakeFiles/feature_tests.cxx
Linking CXX executable cmTC_6d105
/Applications/CMake.app/Contents/bin/cmake -E cmake_link_script CMakeFiles/cmTC_6d105.dir/link.txt --verbose=1
/Applications/Xcode.app/Contents/Developer/Toolchains/XcodeDefault.xctoolchain/usr/bin/c++    -Wl,-search_paths_first -Wl,-headerpad_max_install_names   CMakeFiles/cmTC_6d105.dir/feature_tests.cxx.o  -o cmTC_6d105 


    Feature record: CXX_FEATURE:0cxx_aggregate_default_initializers
    Feature record: CXX_FEATURE:0cxx_alias_templates
    Feature record: CXX_FEATURE:0cxx_alignas
    Feature record: CXX_FEATURE:0cxx_alignof
    Feature record: CXX_FEATURE:0cxx_attributes
    Feature record: CXX_FEATURE:0cxx_attribute_deprecated
    Feature record: CXX_FEATURE:0cxx_auto_type
    Feature record: CXX_FEATURE:0cxx_binary_literals
    Feature record: CXX_FEATURE:0cxx_constexpr
    Feature record: CXX_FEATURE:0cxx_contextual_conversions
    Feature record: CXX_FEATURE:0cxx_decltype
    Feature record: CXX_FEATURE:0cxx_decltype_auto
    Feature record: CXX_FEATURE:0cxx_decltype_incomplete_return_types
    Feature record: CXX_FEATURE:0cxx_default_function_template_args
    Feature record: CXX_FEATURE:0cxx_defaulted_functions
    Feature record: CXX_FEATURE:0cxx_defaulted_move_initializers
    Feature record: CXX_FEATURE:0cxx_delegating_constructors
    Feature record: CXX_FEATURE:0cxx_deleted_functions
    Feature record: CXX_FEATURE:0cxx_digit_separators
    Feature record: CXX_FEATURE:0cxx_enum_forward_declarations
    Feature record: CXX_FEATURE:0cxx_explicit_conversions
    Feature record: CXX_FEATURE:0cxx_extended_friend_declarations
    Feature record: CXX_FEATURE:0cxx_extern_templates
    Feature record: CXX_FEATURE:0cxx_final
    Feature record: CXX_FEATURE:0cxx_func_identifier
    Feature record: CXX_FEATURE:0cxx_generalized_initializers
    Feature record: CXX_FEATURE:0cxx_generic_lambdas
    Feature record: CXX_FEATURE:0cxx_inheriting_constructors
    Feature record: CXX_FEATURE:0cxx_inline_namespaces
    Feature record: CXX_FEATURE:0cxx_lambdas
    Feature record: CXX_FEATURE:0cxx_lambda_init_captures
    Feature record: CXX_FEATURE:0cxx_local_type_template_args
    Feature record: CXX_FEATURE:0cxx_long_long_type
    Feature record: CXX_FEATURE:0cxx_noexcept
    Feature record: CXX_FEATURE:0cxx_nonstatic_member_init
    Feature record: CXX_FEATURE:0cxx_nullptr
    Feature record: CXX_FEATURE:0cxx_override
    Feature record: CXX_FEATURE:0cxx_range_for
    Feature record: CXX_FEATURE:0cxx_raw_string_literals
    Feature record: CXX_FEATURE:0cxx_reference_qualified_functions
    Feature record: CXX_FEATURE:0cxx_relaxed_constexpr
    Feature record: CXX_FEATURE:0cxx_return_type_deduction
    Feature record: CXX_FEATURE:0cxx_right_angle_brackets
    Feature record: CXX_FEATURE:0cxx_rvalue_references
    Feature record: CXX_FEATURE:0cxx_sizeof_member
    Feature record: CXX_FEATURE:0cxx_static_assert
    Feature record: CXX_FEATURE:0cxx_strong_enums
    Feature record: CXX_FEATURE:1cxx_template_template_parameters
    Feature record: CXX_FEATURE:0cxx_thread_local
    Feature record: CXX_FEATURE:0cxx_trailing_return_types
    Feature record: CXX_FEATURE:0cxx_unicode_literals
    Feature record: CXX_FEATURE:0cxx_uniform_initialization
    Feature record: CXX_FEATURE:0cxx_unrestricted_unions
    Feature record: CXX_FEATURE:0cxx_user_literals
    Feature record: CXX_FEATURE:0cxx_variable_templates
    Feature record: CXX_FEATURE:0cxx_variadic_macros
    Feature record: CXX_FEATURE:0cxx_variadic_templates
